{"uuid":"fa8f7808-33d7-4511-8ba9-c618bfe58792","historyId":"d39efefdec1d84dd7e4a23f93437cae4","testCaseId":"cdf6e53a41fe6dd38bd62c23c431d243","fullName":"src/test/resources/features/Skryabin.feature:15","labels":[{"name":"tag","value":"login"},{"name":"host","value":"Goureddy"},{"name":"thread","value":"21064@Goureddy.main(3)"},{"name":"feature","value":"Skryabin Validations"},{"name":"story","value":""},{"name":"suite","value":"Skryabin Validations"},{"name":"testClass","value":""},{"name":"framework","value":"cucumber4jvm"},{"name":"language","value":"java"},{"name":"gherkin_uri","value":"file:///C:/Users/sekha/IdeaProjects/PoornimaSubbarayan-DHCW/src/test/resources/features/Skryabin.feature"},{"name":"package","value":"src.test.resources.features.Skryabin_feature.Skryabin Validations"}],"links":[],"name":"","status":"failed","statusDetails":{"known":false,"muted":false,"flaky":false,"message":"Expected Must Check! error message expected:<null> but was:<- Must check!>","trace":"java.lang.AssertionError: Expected Must Check! error message expected:<null> but was:<- Must check!>\r\n\tat org.junit.Assert.fail(Assert.java:89)\r\n\tat org.junit.Assert.failNotEquals(Assert.java:835)\r\n\tat org.junit.Assert.assertEquals(Assert.java:120)\r\n\tat utility.UiInteractables.assertText(UiInteractables.java:78)\r\n\tat pages.SkryabinPageFunctions.verifyprivacypolicyerrormessage(SkryabinPageFunctions.java:50)\r\n\tat stepdefinitions.SkryabinPageSteps.verifyprivacypolicyerrormessage(SkryabinPageSteps.java:78)\r\n\tat ✽.I see error message in accepting the privacy policy(file:///C:/Users/sekha/IdeaProjects/PoornimaSubbarayan-DHCW/src/test/resources/features/Skryabin.feature:22)\r\n"},"stage":"finished","steps":[{"name":"Given I am on the Skryabin page","status":"passed","statusDetails":{"known":false,"muted":false,"flaky":false},"stage":"finished","steps":[],"attachments":[],"parameters":[],"start":1765311818844,"stop":1765311821912},{"name":"When I enter the first middle and last Name and click on refresh button","status":"passed","statusDetails":{"known":false,"muted":false,"flaky":false},"stage":"finished","steps":[],"attachments":[],"parameters":[],"start":1765311821913,"stop":1765311822723},{"name":"Then The name text is cleared successfully","status":"passed","statusDetails":{"known":false,"muted":false,"flaky":false},"stage":"finished","steps":[],"attachments":[],"parameters":[],"start":1765311822723,"stop":1765311822764},{"name":"And I am entering email address and username","status":"passed","statusDetails":{"known":false,"muted":false,"flaky":false},"stage":"finished","steps":[],"attachments":[],"parameters":[],"start":1765311822764,"stop":1765311823026},{"name":"And I enter valid passwords and phone number","status":"passed","statusDetails":{"known":false,"muted":false,"flaky":false},"stage":"finished","steps":[],"attachments":[],"parameters":[],"start":1765311823026,"stop":1765311823595},{"name":"And I am entering contact name and contact number","status":"passed","statusDetails":{"known":false,"muted":false,"flaky":false},"stage":"finished","steps":[],"attachments":[],"parameters":[],"start":1765311823595,"stop":1765311824167},{"name":"When I click on submit","status":"passed","statusDetails":{"known":false,"muted":false,"flaky":false},"stage":"finished","steps":[],"attachments":[],"parameters":[],"start":1765311824167,"stop":1765311824235},{"name":"Then I see error message in accepting the privacy policy","status":"failed","statusDetails":{"known":false,"muted":false,"flaky":false,"message":"Expected Must Check! error message expected:<null> but was:<- Must check!>","trace":"java.lang.AssertionError: Expected Must Check! error message expected:<null> but was:<- Must check!>\r\n\tat org.junit.Assert.fail(Assert.java:89)\r\n\tat org.junit.Assert.failNotEquals(Assert.java:835)\r\n\tat org.junit.Assert.assertEquals(Assert.java:120)\r\n\tat utility.UiInteractables.assertText(UiInteractables.java:78)\r\n\tat pages.SkryabinPageFunctions.verifyprivacypolicyerrormessage(SkryabinPageFunctions.java:50)\r\n\tat stepdefinitions.SkryabinPageSteps.verifyprivacypolicyerrormessage(SkryabinPageSteps.java:78)\r\n\tat ✽.I see error message in accepting the privacy policy(file:///C:/Users/sekha/IdeaProjects/PoornimaSubbarayan-DHCW/src/test/resources/features/Skryabin.feature:22)\r\n"},"stage":"finished","steps":[],"attachments":[],"parameters":[],"start":1765311824236,"stop":1765311824263}],"attachments":[],"parameters":[],"start":1765311816888,"stop":1765311824422}